IQ-TREE multicore version 1.6.12 for Mac OS X 64-bit built Mar 16 2020
Developed by Bui Quang Minh, Nguyen Lam Tung, Olga Chernomor,
Heiko Schmidt, Dominik Schrempf, Michael Woodhams.

Host:    lmoncla (AVX2, FMA3, 16 GB RAM)
Command: iqtree -ntmax 1 -s results/aligned_h5n1_ha-delim.fasta -m GTR -ninit 2 -n 2 -me 0.05 -nt AUTO -redo
Seed:    329240 (Using SPRNG - Scalable Parallel Random Number Generator)
Time:    Thu Jan 12 12:50:07 2023
Kernel:  AVX+FMA - auto-detect threads (4 CPU cores detected)

Reading alignment file results/aligned_h5n1_ha-delim.fasta ... Fasta format detected
Alignment most likely contains DNA/RNA sequences
Alignment has 19 sequences with 1760 columns, 302 distinct patterns
241 parsimony-informative, 214 singleton sites, 1305 constant sites
                                                                                                                                                       Gap/Ambiguity  Composition  p-value
   1  A_DELIM-JCFQIMQSOYEXPPGKCDCX_openbill_stork_DELIM-JCFQIMQSOYEXPPGKCDCX_Thailand_DELIM-JCFQIMQSOYEXPPGKCDCX_VSMU_4_NSN_DELIM-JCFQIMQSOYEXPPGKCDCX_2004    2.95%    passed     97.67%
   2  A_DELIM-JCFQIMQSOYEXPPGKCDCX_Guangxi_DELIM-JCFQIMQSOYEXPPGKCDCX_1_DELIM-JCFQIMQSOYEXPPGKCDCX_2005                                                        3.18%    passed     98.18%
   3  A_DELIM-JCFQIMQSOYEXPPGKCDCX_environment_DELIM-JCFQIMQSOYEXPPGKCDCX_Hunan_DELIM-JCFQIMQSOYEXPPGKCDCX_1_8_DELIM-JCFQIMQSOYEXPPGKCDCX_2007                 0.17%    passed     99.80%
   4  A_DELIM-JCFQIMQSOYEXPPGKCDCX_duck_DELIM-JCFQIMQSOYEXPPGKCDCX_Lao_DELIM-JCFQIMQSOYEXPPGKCDCX_6_DELIM-JCFQIMQSOYEXPPGKCDCX_2010                            3.18%    passed     98.27%
   5  A_DELIM-JCFQIMQSOYEXPPGKCDCX_environment_DELIM-JCFQIMQSOYEXPPGKCDCX_Guizhou_DELIM-JCFQIMQSOYEXPPGKCDCX_9_DELIM-JCFQIMQSOYEXPPGKCDCX_2009                 0.17%    passed     96.89%
   6  A_DELIM-JCFQIMQSOYEXPPGKCDCX_Vietnam_DELIM-JCFQIMQSOYEXPPGKCDCX_UT36250_1_DELIM-JCFQIMQSOYEXPPGKCDCX_2010                                                0.00%    passed     99.73%
   7  A_DELIM-JCFQIMQSOYEXPPGKCDCX_water_DELIM-JCFQIMQSOYEXPPGKCDCX_Xinjiang_DELIM-JCFQIMQSOYEXPPGKCDCX_3_DELIM-JCFQIMQSOYEXPPGKCDCX_2009                      0.45%    passed     95.98%
   8  A_DELIM-JCFQIMQSOYEXPPGKCDCX_quail_DELIM-JCFQIMQSOYEXPPGKCDCX_Vietnam_DELIM-JCFQIMQSOYEXPPGKCDCX_CVVI_49_DELIM-JCFQIMQSOYEXPPGKCDCX_2010                 0.00%    passed     76.60%
   9  A_DELIM-JCFQIMQSOYEXPPGKCDCX_chicken_DELIM-JCFQIMQSOYEXPPGKCDCX_Egypt_DELIM-JCFQIMQSOYEXPPGKCDCX_CL6_DELIM-JCFQIMQSOYEXPPGKCDCX_2007                     3.01%    passed     99.82%
  10  A_DELIM-JCFQIMQSOYEXPPGKCDCX_chicken_DELIM-JCFQIMQSOYEXPPGKCDCX_Egypt_DELIM-JCFQIMQSOYEXPPGKCDCX_083_DELIM-JCFQIMQSOYEXPPGKCDCX_2008                     2.33%    passed     96.34%
  11  A_DELIM-JCFQIMQSOYEXPPGKCDCX_chicken_DELIM-JCFQIMQSOYEXPPGKCDCX_Egypt_DELIM-JCFQIMQSOYEXPPGKCDCX_0813_NLQP_DELIM-JCFQIMQSOYEXPPGKCDCX_2008               0.00%    passed     98.15%
  12  A_DELIM-JCFQIMQSOYEXPPGKCDCX_environment_DELIM-JCFQIMQSOYEXPPGKCDCX_Hunan_DELIM-JCFQIMQSOYEXPPGKCDCX_1_35_DELIM-JCFQIMQSOYEXPPGKCDCX_2007                0.00%    passed     97.26%
  13  A_DELIM-JCFQIMQSOYEXPPGKCDCX_wild_duck_DELIM-JCFQIMQSOYEXPPGKCDCX_Fujian_DELIM-JCFQIMQSOYEXPPGKCDCX_2_DELIM-JCFQIMQSOYEXPPGKCDCX_2011                    0.00%    passed     89.56%
  14  A_DELIM-JCFQIMQSOYEXPPGKCDCX_peregrine_falcon_DELIM-JCFQIMQSOYEXPPGKCDCX_Aomori_DELIM-JCFQIMQSOYEXPPGKCDCX_7_DELIM-JCFQIMQSOYEXPPGKCDCX_2011             1.02%    passed     99.60%
  15  A_DELIM-JCFQIMQSOYEXPPGKCDCX_chicken_DELIM-JCFQIMQSOYEXPPGKCDCX_Chiba_DELIM-JCFQIMQSOYEXPPGKCDCX_1_DELIM-JCFQIMQSOYEXPPGKCDCX_2011                       3.18%    passed     98.12%
  16  A_DELIM-JCFQIMQSOYEXPPGKCDCX_muscovy_duck_DELIM-JCFQIMQSOYEXPPGKCDCX_Vietnam_DELIM-JCFQIMQSOYEXPPGKCDCX_LBM335_DELIM-JCFQIMQSOYEXPPGKCDCX_2013           1.02%    passed     99.56%
  17  A_DELIM-JCFQIMQSOYEXPPGKCDCX_duck_DELIM-JCFQIMQSOYEXPPGKCDCX_Vietnam_DELIM-JCFQIMQSOYEXPPGKCDCX_NCVD_2745_DELIM-JCFQIMQSOYEXPPGKCDCX_2013                3.18%    passed     96.22%
  18  A_DELIM-JCFQIMQSOYEXPPGKCDCX_chicken_DELIM-JCFQIMQSOYEXPPGKCDCX_Vietnam_DELIM-JCFQIMQSOYEXPPGKCDCX_NCVD14_A459_DELIM-JCFQIMQSOYEXPPGKCDCX_2014           3.18%    passed     92.16%
  19  A_DELIM-JCFQIMQSOYEXPPGKCDCX_duck_DELIM-JCFQIMQSOYEXPPGKCDCX_Bangladesh_DELIM-JCFQIMQSOYEXPPGKCDCX_34752_DELIM-JCFQIMQSOYEXPPGKCDCX_2018                 0.51%    passed     95.50%
****  TOTAL                                                                                                                                                    1.45%  0 sequences failed composition chi2 test (p-value<5%; df=3)

Create initial parsimony tree by phylogenetic likelihood library (PLL)... 0.002 seconds

NOTE: 0 MB RAM (0 GB) is required!
Measuring multi-threading efficiency up to 1 CPU cores
Increase to 10 rounds for branch lengths
324 trees examined
Threads: 1 / Time: 1.001 sec / Speedup: 1.000 / Efficiency: 100% / LogL: -8955
BEST NUMBER OF THREADS: 1

Estimate model parameters (epsilon = 0.500)
1. Initial log-likelihood: -6478.857
2. Current log-likelihood: -6086.217
Optimal log-likelihood: -6086.126
Rate parameters:  A-C: 1.19479  A-G: 6.22716  A-T: 0.56674  C-G: 0.13531  C-T: 9.66260  G-T: 1.00000
Base frequencies:  A: 0.350  C: 0.183  G: 0.227  T: 0.239
Parameters optimization took 2 rounds (0.016 sec)
Computing ML distances based on estimated model parameters... 0.001 sec
Computing BIONJ tree...
0.001 seconds
Log-likelihood of BIONJ tree: -6086.126
--------------------------------------------------------------------
|             INITIALIZING CANDIDATE TREE SET                      |
--------------------------------------------------------------------

Do NNI search on 2 best initial trees
UPDATE BEST LOG-LIKELIHOOD: -6086.125
Finish initializing candidate tree set (2)
Current best tree score: -6086.125 / CPU time: 0.006
Number of iterations: 2
TREE SEARCH COMPLETED AFTER 2 ITERATIONS / Time: 0h:0m:1s

--------------------------------------------------------------------
|                    FINALIZING TREE SEARCH                        |
--------------------------------------------------------------------
Performs final model parameters optimization
Estimate model parameters (epsilon = 0.050)
1. Initial log-likelihood: -6086.125
Optimal log-likelihood: -6086.125
Rate parameters:  A-C: 1.19413  A-G: 6.22810  A-T: 0.56757  C-G: 0.13253  C-T: 9.66236  G-T: 1.00000
Base frequencies:  A: 0.350  C: 0.183  G: 0.227  T: 0.239
Parameters optimization took 1 rounds (0.001 sec)
BEST SCORE FOUND : -6086.125
Total tree length: 0.394

Total number of iterations: 2
CPU time used for tree search: 0.005 sec (0h:0m:0s)
Wall-clock time used for tree search: 0.006 sec (0h:0m:0s)
Total CPU time used: 0.859 sec (0h:0m:0s)
Total wall-clock time used: 1.048 sec (0h:0m:1s)

Analysis results written to: 
  IQ-TREE report:                results/aligned_h5n1_ha-delim.fasta.iqtree
  Maximum-likelihood tree:       results/aligned_h5n1_ha-delim.fasta.treefile
  Likelihood distances:          results/aligned_h5n1_ha-delim.fasta.mldist
  Screen log file:               results/aligned_h5n1_ha-delim.fasta.log

Date and Time: Thu Jan 12 12:50:08 2023
